#-----------------------------------------------------------
# Vivado v2022.2 (64-bit)
# SW Build 3671981 on Fri Oct 14 05:00:03 MDT 2022
# IP Build 3669848 on Fri Oct 14 08:30:02 MDT 2022
# Start of session at: Thu Jul 25 17:28:19 2024
# Process ID: 4168
# Current directory: C:/Users/yeshe/Desktop/rep/code/lenet_kv260
# Command line: vivado.exe -gui_launcher_event rodinguilauncherevent10348 C:\Users\yeshe\Desktop\rep\code\lenet_kv260\lenet_kv260.xpr
# Log file: C:/Users/yeshe/Desktop/rep/code/lenet_kv260/vivado.log
# Journal file: C:/Users/yeshe/Desktop/rep/code/lenet_kv260\vivado.jou
# Running On: shye3, OS: Windows, CPU Frequency: 2208 MHz, CPU Physical cores: 6, Host memory: 17024 MB
#-----------------------------------------------------------
start_gui
open_project C:/Users/yeshe/Desktop/rep/code/lenet_kv260/lenet_kv260.xpr
WARNING: [Board 49-26] cannot add Board Part xilinx.com:vek280_es:part0:1.0 available at D:/vivado2022.2/Vivado/2022.2/data/xhub/boards/XilinxBoardStore/boards/Xilinx/vek280/es/1.0/board.xml as part xcve2802-vsvh1760-2lp-e-s-es1 specified in board_part file is either invalid or not available
WARNING: [filemgmt 56-3] IP Repository Path: Could not find the directory 'C:/Users/yeshe/Desktop/rep/zcu104/ip_repo'.
WARNING: [Board 49-26] cannot add Board Part xilinx.com:vhk158_es:part0:1.0 available at D:/vivado2022.2/Vivado/2022.2/data/xhub/boards/XilinxBoardStore/boards/Xilinx/vhk158/es/1.0/board.xml as part xcvh1582-vsva3697-2mp-e-s-es1 specified in board_part file is either invalid or not available
WARNING: [Board 49-26] cannot add Board Part xilinx.com:vpk120_es:part0:1.2 available at D:/vivado2022.2/Vivado/2022.2/data/xhub/boards/XilinxBoardStore/boards/Xilinx/vpk120/es/1.2/board.xml as part xcvp1202-vsva2785-2mp-e-s-es1 specified in board_part file is either invalid or not available
WARNING: [Board 49-26] cannot add Board Part xilinx.com:vpk120_es_revb:part0:1.0 available at D:/vivado2022.2/Vivado/2022.2/data/xhub/boards/XilinxBoardStore/boards/Xilinx/vpk120_revb/es/1.0/board.xml as part xcvp1202-vsva2785-2mp-e-s-es1 specified in board_part file is either invalid or not available
WARNING: [Board 49-26] cannot add Board Part xilinx.com:vpk180_es:part0:1.0 available at D:/vivado2022.2/Vivado/2022.2/data/xhub/boards/XilinxBoardStore/boards/Xilinx/vpk180/es/1.0/board.xml as part xcvp1802-lsvc4072-2mp-e-s-es1 specified in board_part file is either invalid or not available
WARNING: [Board 49-26] cannot add Board Part xilinx.com:zcu208ld:part0:2.0 available at D:/vivado2022.2/Vivado/2022.2/data/xhub/boards/XilinxBoardStore/boards/Xilinx/zcu208ld/production/2.0/board.xml as part xczu58dr-fsvg1517-2-i specified in board_part file is either invalid or not available
WARNING: [Board 49-26] cannot add Board Part xilinx.com:zcu216ld:part0:2.0 available at D:/vivado2022.2/Vivado/2022.2/data/xhub/boards/XilinxBoardStore/boards/Xilinx/zcu216ld/production/2.0/board.xml as part xczu59dr-ffvf1760-2-i specified in board_part file is either invalid or not available
WARNING: [Board 49-26] cannot add Board Part xilinx.com:zcu670:part0:2.0 available at D:/vivado2022.2/Vivado/2022.2/data/xhub/boards/XilinxBoardStore/boards/Xilinx/zcu670/2.0/board.xml as part xczu67dr-fsve1156-2-i specified in board_part file is either invalid or not available
WARNING: [Board 49-26] cannot add Board Part xilinx.com:zcu670ld:part0:1.0 available at D:/vivado2022.2/Vivado/2022.2/data/xhub/boards/XilinxBoardStore/boards/Xilinx/zcu670ld/1.0/board.xml as part xczu57dr-fsve1156-2-i specified in board_part file is either invalid or not available
WARNING: [filemgmt 56-3] Default location for output products of customized IPs.: Could not find the directory 'C:/Users/yeshe/Desktop/pynq/ip_repo/DMA_Controller'.
Scanning sources...
Finished scanning sources
INFO: [IP_Flow 19-234] Refreshing IP repositories
WARNING: [IP_Flow 19-2248] Failed to load user IP repository 'c:/Users/yeshe/Desktop/rep/zcu104/ip_repo'; Can't find the specified path.
If this directory should no longer be in your list of user repositories, go to the IP Settings dialog and remove it.
INFO: [IP_Flow 19-2313] Loaded Vivado IP repository 'D:/vivado2022.2/Vivado/2022.2/data/ip'.
WARNING: [BD 41-1661] One or more IPs have been locked in the design 'design_1.bd'. Please run report_ip_status for more details and recommendations on how to fix this issue.
List of locked IPs:
design_1_DMA_Controller_0_0
design_1_Accelerator_0_0

open_project: Time (s): cpu = 00:00:17 ; elapsed = 00:00:16 . Memory (MB): peak = 2209.086 ; gain = 386.734
update_compile_order -fileset sources_1
report_ip_status -name ip_status 
open_bd_design {C:/Users/yeshe/Desktop/rep/code/lenet_kv260/lenet_kv260.srcs/sources_1/bd/design_1/design_1.bd}
Reading block design file <C:/Users/yeshe/Desktop/rep/code/lenet_kv260/lenet_kv260.srcs/sources_1/bd/design_1/design_1.bd>...
Adding component instance block -- xilinx.com:ip:zynq_ultra_ps_e:3.4 - zynq_ultra_ps_e_0
Adding component instance block -- xilinx.com:user:DMA_Controller:1.0 - DMA_Controller_0
Adding component instance block -- xilinx.com:user:Accelerator:1.0 - Accelerator_0
Adding component instance block -- xilinx.com:ip:axi_interconnect:2.1 - ps8_0_axi_periph
Adding component instance block -- xilinx.com:ip:axi_dwidth_converter:2.1 - auto_ds
Adding component instance block -- xilinx.com:ip:axi_protocol_converter:2.1 - auto_pc
Adding component instance block -- xilinx.com:ip:proc_sys_reset:5.0 - rst_ps8_0_99M
Adding component instance block -- xilinx.com:ip:axi_interconnect:2.1 - axi_interconnect_0
Adding component instance block -- xilinx.com:ip:axi_crossbar:2.1 - xbar
Adding component instance block -- xilinx.com:ip:axi_dwidth_converter:2.1 - auto_us
Adding component instance block -- xilinx.com:ip:axi_dwidth_converter:2.1 - auto_us
Excluding slave segment /zynq_ultra_ps_e_0/SAXIGP2/HP0_DDR_HIGH from address space /DMA_Controller_0/M00_AXI.
Excluding slave segment /zynq_ultra_ps_e_0/SAXIGP2/HP0_DDR_HIGH from address space /DMA_Controller_0/M02_AXI.
Successfully read diagram <design_1> from block design file <C:/Users/yeshe/Desktop/rep/code/lenet_kv260/lenet_kv260.srcs/sources_1/bd/design_1/design_1.bd>
open_bd_design: Time (s): cpu = 00:00:06 ; elapsed = 00:00:14 . Memory (MB): peak = 2333.574 ; gain = 88.320
set_property LOCK_UPGRADE 1 [get_bd_cells /Accelerator_0]
INFO: [IP_Flow 19-8015] Moving outputs for IP 'design_1_Accelerator_0_0' to 'c:/Users/yeshe/Desktop/rep/code/lenet_kv260/lenet_kv260.srcs/sources_1/bd/design_1/ip/design_1_Accelerator_0_0'
WARNING: [IP_Flow 19-2162] IP 'design_1_Accelerator_0_0' is locked:
* IP definition 'Accelerator (1.0)' for IP 'design_1_Accelerator_0_0' (customized with software release 2022.2) was not found in the IP Catalog.
set_property LOCK_UPGRADE 1 [get_bd_cells /DMA_Controller_0]
INFO: [IP_Flow 19-8015] Moving outputs for IP 'design_1_DMA_Controller_0_0' to 'c:/Users/yeshe/Desktop/rep/code/lenet_kv260/lenet_kv260.srcs/sources_1/bd/design_1/ip/design_1_DMA_Controller_0_0'
WARNING: [IP_Flow 19-2162] IP 'design_1_DMA_Controller_0_0' is locked:
* IP definition 'DMA_Controller (1.0)' for IP 'design_1_DMA_Controller_0_0' (customized with software release 2022.2) was not found in the IP Catalog.
WARNING: [BD 41-2028] Locking DMA_Controller to version 1.0. If the latest driver for the IP is not backwards compatible, software flow will assign a generic driver or no driver for this IP
report_ip_status -name ip_status 
exit
INFO: [Common 17-206] Exiting Vivado at Thu Jul 25 17:31:49 2024...
