Copyright 1986-2022 Xilinx, Inc. All Rights Reserved.
-----------------------------------------------------------------------------------------------------------------------------
| Tool Version : Vivado v.2022.2 (win64) Build 3671981 Fri Oct 14 05:00:03 MDT 2022
| Date         : Sun Jul 14 23:28:19 2024
| Host         : Zhengzb-ThinkPad running 64-bit major release  (build 9200)
| Command      : report_utilization -file design_1_wrapper_utilization_placed.rpt -pb design_1_wrapper_utilization_placed.pb
| Design       : design_1_wrapper
| Device       : xck26-sfvc784-2LV-c
| Speed File   : -2LV
| Design State : Fully Placed
-----------------------------------------------------------------------------------------------------------------------------

Utilization Design Information

Table of Contents
-----------------
1. CLB Logic
1.1 Summary of Registers by Type
2. CLB Logic Distribution
3. BLOCKRAM
4. ARITHMETIC
5. I/O
6. CLOCK
7. ADVANCED
8. CONFIGURATION
9. Primitives
10. Black Boxes
11. Instantiated Netlists

1. CLB Logic
------------

+----------------------------+-------+-------+------------+-----------+-------+
|          Site Type         |  Used | Fixed | Prohibited | Available | Util% |
+----------------------------+-------+-------+------------+-----------+-------+
| CLB LUTs                   | 11946 |     0 |          0 |    117120 | 10.20 |
|   LUT as Logic             | 11405 |     0 |          0 |    117120 |  9.74 |
|   LUT as Memory            |   541 |     0 |          0 |     57600 |  0.94 |
|     LUT as Distributed RAM |    44 |     0 |            |           |       |
|     LUT as Shift Register  |   497 |     0 |            |           |       |
| CLB Registers              | 10518 |     0 |          0 |    234240 |  4.49 |
|   Register as Flip Flop    | 10486 |     0 |          0 |    234240 |  4.48 |
|   Register as Latch        |    32 |     0 |          0 |    234240 |  0.01 |
| CARRY8                     |  1102 |     0 |          0 |     14640 |  7.53 |
| F7 Muxes                   |     4 |     0 |          0 |     58560 | <0.01 |
| F8 Muxes                   |     0 |     0 |          0 |     29280 |  0.00 |
| F9 Muxes                   |     0 |     0 |          0 |     14640 |  0.00 |
+----------------------------+-------+-------+------------+-----------+-------+
* Warning! LUT value is adjusted to account for LUT combining.


1.1 Summary of Registers by Type
--------------------------------

+-------+--------------+-------------+--------------+
| Total | Clock Enable | Synchronous | Asynchronous |
+-------+--------------+-------------+--------------+
| 96    |            _ |           - |            - |
| 0     |            _ |           - |          Set |
| 0     |            _ |           - |        Reset |
| 0     |            _ |         Set |            - |
| 0     |            _ |       Reset |            - |
| 0     |          Yes |           - |            - |
| 62    |          Yes |           - |          Set |
| 4639  |          Yes |           - |        Reset |
| 103   |          Yes |         Set |            - |
| 5618  |          Yes |       Reset |            - |
+-------+--------------+-------------+--------------+


2. CLB Logic Distribution
-------------------------

+--------------------------------------------+-------+-------+------------+-----------+-------+
|                  Site Type                 |  Used | Fixed | Prohibited | Available | Util% |
+--------------------------------------------+-------+-------+------------+-----------+-------+
| CLB                                        |  2734 |     0 |          0 |     14640 | 18.67 |
|   CLBL                                     |  1165 |     0 |            |           |       |
|   CLBM                                     |  1569 |     0 |            |           |       |
| LUT as Logic                               | 11405 |     0 |          0 |    117120 |  9.74 |
|   using O5 output only                     |   173 |       |            |           |       |
|   using O6 output only                     |  7520 |       |            |           |       |
|   using O5 and O6                          |  3712 |       |            |           |       |
| LUT as Memory                              |   541 |     0 |          0 |     57600 |  0.94 |
|   LUT as Distributed RAM                   |    44 |     0 |            |           |       |
|     using O5 output only                   |     0 |       |            |           |       |
|     using O6 output only                   |     4 |       |            |           |       |
|     using O5 and O6                        |    40 |       |            |           |       |
|   LUT as Shift Register                    |   497 |     0 |            |           |       |
|     using O5 output only                   |     0 |       |            |           |       |
|     using O6 output only                   |   227 |       |            |           |       |
|     using O5 and O6                        |   270 |       |            |           |       |
| CLB Registers                              | 10518 |     0 |          0 |    234240 |  4.49 |
|   Register driven from within the CLB      |  6510 |       |            |           |       |
|   Register driven from outside the CLB     |  4008 |       |            |           |       |
|     LUT in front of the register is unused |  2867 |       |            |           |       |
|     LUT in front of the register is used   |  1141 |       |            |           |       |
| Unique Control Sets                        |   398 |       |          0 |     29280 |  1.36 |
+--------------------------------------------+-------+-------+------------+-----------+-------+
* * Note: Available Control Sets calculated as Slices * 2, Review the Control Sets Report for more information regarding control sets.


3. BLOCKRAM
-----------

+-------------------+------+-------+------------+-----------+-------+
|     Site Type     | Used | Fixed | Prohibited | Available | Util% |
+-------------------+------+-------+------------+-----------+-------+
| Block RAM Tile    |   28 |     0 |          0 |       144 | 19.44 |
|   RAMB36/FIFO*    |   10 |     0 |          0 |       144 |  6.94 |
|     RAMB36E2 only |   10 |       |            |           |       |
|   RAMB18          |   36 |     0 |          0 |       288 | 12.50 |
|     RAMB18E2 only |   36 |       |            |           |       |
| URAM              |    0 |     0 |          0 |        64 |  0.00 |
+-------------------+------+-------+------------+-----------+-------+
* Note: Each Block RAM Tile only has one FIFO logic available and therefore can accommodate only one FIFO36E2 or one FIFO18E2. However, if a FIFO18E2 occupies a Block RAM Tile, that tile can still accommodate a RAMB18E2


4. ARITHMETIC
-------------

+----------------+------+-------+------------+-----------+-------+
|    Site Type   | Used | Fixed | Prohibited | Available | Util% |
+----------------+------+-------+------------+-----------+-------+
| DSPs           |   80 |     0 |          0 |      1248 |  6.41 |
|   DSP48E2 only |   80 |       |            |           |       |
+----------------+------+-------+------------+-----------+-------+


5. I/O
------

+------------------+------+-------+------------+-----------+-------+
|     Site Type    | Used | Fixed | Prohibited | Available | Util% |
+------------------+------+-------+------------+-----------+-------+
| Bonded IOB       |    0 |     0 |          0 |       189 |  0.00 |
| HPIOB_M          |    0 |     0 |          0 |        58 |  0.00 |
| HPIOB_S          |    0 |     0 |          0 |        58 |  0.00 |
| HDIOB_M          |    0 |     0 |          0 |        35 |  0.00 |
| HDIOB_S          |    0 |     0 |          0 |        35 |  0.00 |
| HPIOB_SNGL       |    0 |     0 |          0 |         3 |  0.00 |
| HPIOBDIFFINBUF   |    0 |     0 |          0 |        82 |  0.00 |
| HPIOBDIFFOUTBUF  |    0 |     0 |          0 |        82 |  0.00 |
| HDIOBDIFFINBUF   |    0 |     0 |          0 |        35 |  0.00 |
| BITSLICE_CONTROL |    0 |     0 |          0 |        32 |  0.00 |
| BITSLICE_RX_TX   |    0 |     0 |          0 |      1248 |  0.00 |
| BITSLICE_TX      |    0 |     0 |          0 |        32 |  0.00 |
| RIU_OR           |    0 |     0 |          0 |        16 |  0.00 |
+------------------+------+-------+------------+-----------+-------+


6. CLOCK
--------

+----------------------+------+-------+------------+-----------+-------+
|       Site Type      | Used | Fixed | Prohibited | Available | Util% |
+----------------------+------+-------+------------+-----------+-------+
| GLOBAL CLOCK BUFFERs |    2 |     0 |          0 |       352 |  0.57 |
|   BUFGCE             |    1 |     0 |          0 |       112 |  0.89 |
|   BUFGCE_DIV         |    0 |     0 |          0 |        16 |  0.00 |
|   BUFG_GT            |    0 |     0 |          0 |        96 |  0.00 |
|   BUFG_PS            |    1 |     0 |          0 |        96 |  1.04 |
|   BUFGCTRL*          |    0 |     0 |          0 |        32 |  0.00 |
| PLL                  |    0 |     0 |          0 |         8 |  0.00 |
| MMCM                 |    0 |     0 |          0 |         4 |  0.00 |
+----------------------+------+-------+------------+-----------+-------+
* Note: Each used BUFGCTRL counts as two GLOBAL CLOCK BUFFERs. This table does not include global clocking resources, only buffer cell usage. See the Clock Utilization Report (report_clock_utilization) for detailed accounting of global clocking resource availability.


7. ADVANCED
-----------

+-----------------+------+-------+------------+-----------+--------+
|    Site Type    | Used | Fixed | Prohibited | Available |  Util% |
+-----------------+------+-------+------------+-----------+--------+
| GTHE4_CHANNEL   |    0 |     0 |          0 |         4 |   0.00 |
| GTHE4_COMMON    |    0 |     0 |          0 |         1 |   0.00 |
| OBUFDS_GTE4     |    0 |     0 |          0 |         2 |   0.00 |
| OBUFDS_GTE4_ADV |    0 |     0 |          0 |         2 |   0.00 |
| PCIE40E4        |    0 |     0 |          0 |         2 |   0.00 |
| PS8             |    1 |     0 |          0 |         1 | 100.00 |
| SYSMONE4        |    0 |     0 |          0 |         1 |   0.00 |
| VCU             |    0 |     0 |          0 |         1 |   0.00 |
+-----------------+------+-------+------------+-----------+--------+


8. CONFIGURATION
----------------

+-------------+------+-------+------------+-----------+-------+
|  Site Type  | Used | Fixed | Prohibited | Available | Util% |
+-------------+------+-------+------------+-----------+-------+
| BSCANE2     |    0 |     0 |          0 |         4 |  0.00 |
| DNA_PORTE2  |    0 |     0 |          0 |         1 |  0.00 |
| EFUSE_USR   |    0 |     0 |          0 |         1 |  0.00 |
| FRAME_ECCE4 |    0 |     0 |          0 |         1 |  0.00 |
| ICAPE3      |    0 |     0 |          0 |         2 |  0.00 |
| MASTER_JTAG |    0 |     0 |          0 |         1 |  0.00 |
| STARTUPE3   |    0 |     0 |          0 |         1 |  0.00 |
+-------------+------+-------+------------+-----------+-------+


9. Primitives
-------------

+----------+------+---------------------+
| Ref Name | Used | Functional Category |
+----------+------+---------------------+
| FDRE     | 5618 |            Register |
| LUT2     | 4951 |                 CLB |
| FDCE     | 4671 |            Register |
| LUT3     | 3083 |                 CLB |
| LUT6     | 2953 |                 CLB |
| LUT4     | 2709 |                 CLB |
| LUT5     | 1179 |                 CLB |
| CARRY8   | 1102 |                 CLB |
| SRL16E   |  554 |                 CLB |
| LUT1     |  242 |                 CLB |
| SRLC32E  |  213 |                 CLB |
| FDSE     |  103 |            Register |
| FDPE     |   94 |            Register |
| DSP48E2  |   80 |          Arithmetic |
| RAMD32   |   74 |                 CLB |
| RAMB18E2 |   36 |            BLOCKRAM |
| LDCE     |   32 |            Register |
| RAMS32   |   10 |                 CLB |
| RAMB36E2 |   10 |            BLOCKRAM |
| MUXF7    |    4 |                 CLB |
| PS8      |    1 |            Advanced |
| BUFG_PS  |    1 |               Clock |
| BUFGCE   |    1 |               Clock |
+----------+------+---------------------+


10. Black Boxes
---------------

+----------+------+
| Ref Name | Used |
+----------+------+


11. Instantiated Netlists
-------------------------

+----------+------+
| Ref Name | Used |
+----------+------+


